<?xml version="1.0" encoding="UTF-8"?>
<!-- Generated by org.testng.reporters.JUnitXMLReporter -->
<testsuite ignored="1" hostname="LAPTOP-7591E6LG" failures="0" tests="3" name="smokeTest" time="0.18" errors="0" timestamp="2022-06-02T21:33:15 IST">
  <testcase classname="com.tcs.testing.Test3" name="test7" time="0.003"/>
  <testcase classname="com.tcs.testing.Test3" name="test8" time="0.007"/>
  <testcase classname="com.tcs.testing.Test4" name="test9" time="0.144"/>
  <testcase classname="com.tcs.testing.Test3" name="test6" time="0.0">
    <ignored/>
  </testcase> <!-- test6 -->
</testsuite> <!-- smokeTest -->
